Godot Engine v4.6.1.stable.official.14d19694e - https://godotengine.org
Vulkan 1.4.318 - Forward+ - Using Device #0: Intel - Intel(R) Graphics (RPL-P)

MainMenu Args: ["--host", "--faction=Blue", "--bot=Blue", "--auto-start"]
Hosting on port 7010
MainMenu: Connection established, swapping scene...
Peer connected: 765618139
Server ordered game start!
Lobby: Starting background load for main.tscn
[Client 1] Resource loading completed in 164 ms
MapData: Successfully loaded 781926 quad tiles from Binary buffer.
MapData: Successfully loaded 195322 regional claims.
MapData: Successfully loaded 781926 quad tiles from Binary buffer.
MapData: Successfully loaded 195322 regional claims.
MapData: Culled 192886 unused region tiles based on scenario configuration.
GlobeView: Generating Dynamic Faction Borders...
GlobeView: Finished Faction Borders. Factions drawn: 2
 - Faction: Blue edges: 119
 - Faction: Red edges: 182
Loaded city spritesheet slices successfully!
Placing City: London at Tile: 534458
Placing City: Paris at Tile: 529400
Placing City: Munich at Tile: 529374
Placing City: Amsterdam at Tile: 535891
Placing City: Berlin at Tile: 537677
Placing City: Luxembourg at Tile: 531556
Placing City: Brussels at Tile: 533366
Placing City: Hamburg at Tile: 539855
Placing City: Bordeaux at Tile: 130497
Placing City: Königsberg at Tile: 543441
Placing City: Prague at Tile: 533700
Placing City: Marseille at Tile: 133767
MainScene: Spawning TacticalAI for unassigned or bot-managed faction Blue
MainScene: Spawning TacticalAI for unassigned or bot-managed faction Red
[color=gray][00:00:04][/color] 
==================================
[color=gray][00:00:04][/color]     GLOBAL CONFLICT AUTHORIZED
[color=gray][00:00:04][/color] ==================================
Unit Purchase: Blue bought Infantry at London for 5.0
[color=gray][00:00:16][/color] [color=#3388ff]Blue[/color] deployed Infantry in London
Unit Purchase: Red bought Infantry at Hamburg for 5.0
Peer 1 received sync_unit_target for Blue_Infantry_1 enemy: 
GlobeView handling _on_unit_target_synced for Blue_Infantry_1 enemy: 
Peer 1 received sync_unit_target for Blue_Infantry_1 enemy: 
GlobeView handling _on_unit_target_synced for Blue_Infantry_1 enemy: 
Peer 1 received sync_unit_target for Blue_Infantry_5 enemy: 
GlobeView handling _on_unit_target_synced for Blue_Infantry_5 enemy: 
Peer 1 received sync_unit_target for Blue_Infantry_5 enemy: 
GlobeView handling _on_unit_target_synced for Blue_Infantry_5 enemy: 
Peer 1 received sync_unit_target for Blue_Infantry_6 enemy: 
GlobeView handling _on_unit_target_synced for Blue_Infantry_6 enemy: 
Peer 1 received sync_unit_target for Blue_Infantry_6 enemy: 
GlobeView handling _on_unit_target_synced for Blue_Infantry_6 enemy: 
Peer 1 received sync_unit_target for Blue_Cruiser_1 enemy: 
GlobeView handling _on_unit_target_synced for Blue_Cruiser_1 enemy: 
Peer 1 received sync_unit_target for Blue_Cruiser_1 enemy: 
GlobeView handling _on_unit_target_synced for Blue_Cruiser_1 enemy: 
Peer 1 received sync_unit_target for Blue_Cruiser_2 enemy: 
GlobeView handling _on_unit_target_synced for Blue_Cruiser_2 enemy: 
Peer 1 received sync_unit_target for Blue_Cruiser_2 enemy: 
GlobeView handling _on_unit_target_synced for Blue_Cruiser_2 enemy: 
Peer 1 received sync_unit_target for Blue_Infantry_7 enemy: 
GlobeView handling _on_unit_target_synced for Blue_Infantry_7 enemy: 
Peer 1 received sync_unit_target for Blue_Infantry_7 enemy: 
GlobeView handling _on_unit_target_synced for Blue_Infantry_7 enemy: 
[color=gray][00:00:18][/color] 
[color=cyan]AIR STRIKE REQUESTED:[/color] [color=yellow][BOT] TacticalAI (Blue)[/color] targeting [color=red]Red_Infantry_7[/color]
[color=gray][00:00:18][/color] [color=gray]Interception Phase[/color]
[color=gray][00:00:18][/color]   -> Interceptors Available: 1 | Target Chance: <= 0.46 | Rolled: 0.57
[color=gray][00:00:18][/color] [color=gray]Target Strike Phase[/color]
[color=gray][00:00:18][/color]   -> Target Odds: 90% Hit | 9% Miss | 1% Miss & Shot Down
[color=gray][00:00:18][/color]   -> Target type: LAND | Rolled: 0.59 | Target Hit: HIT
GlobeView handling _on_air_strike_synced for Blue_AIR_1 targeting Red_Infantry_7
>>> NEWS EVENT: BLUE AIRSTRIKE SUCCESSFULLY BOMBED RED FACILITIES IN LUXEMBOURG!
[color=gray][00:00:18][/color] 
[color=cyan]AIR STRIKE REQUESTED:[/color] [color=yellow][BOT] TacticalAI (Blue)[/color] targeting [color=red]Red_Armor_2[/color]
[color=gray][00:00:18][/color] [color=gray]Interception Phase[/color]
[color=gray][00:00:18][/color]   -> Interceptors Available: 1 | Target Chance: <= 0.7 | Rolled: 0.45
[color=gray][00:00:18][/color]   -> Intercepted by Red_AIR_1 ([color=yellow][BOT] TacticalAI - Red[/color]). Ready: true
[color=gray][00:00:18][/color]   -> Dogfight Odds: 25% Success | 50% Abort | 25% Shot Down
[color=gray][00:00:18][/color]   -> Dogfight Rolled: 0.49 | Outcome: ABORT
GlobeView handling _on_air_strike_synced for Blue_AIR_2 targeting Red_Armor_2
>>> NEWS EVENT: BLUE AIRSTRIKE IN AMSTERDAM COUNTERED BY RED AIR DEFENSES
DEBUG [Server? true]: request_nuke_launch received for Blue
DEBUG Server: Faction nukes inventory = 1.0
DEBUG Server: Inventory decremented. Broadcasting sync_nuke_launch to all peers.
DEBUG [Peer 1]: sync_nuke_launch received.
[color=gray][00:00:18][/color] [color=red]NUCLEAR LAUNCH DETECTED OVER HAMBURG[/color]
>>> NEWS EVENT: NUCLEAR LAUNCH DETECTED OVER HAMBURG
Peer 1 received sync_unit_target for Red_Infantry_1 enemy: 
GlobeView handling _on_unit_target_synced for Red_Infantry_1 enemy: 
Peer 1 received sync_unit_target for Red_Infantry_1 enemy: 
GlobeView handling _on_unit_target_synced for Red_Infantry_1 enemy: 
Peer 1 received sync_unit_target for Red_Infantry_2 enemy: 
GlobeView handling _on_unit_target_synced for Red_Infantry_2 enemy: 
Peer 1 received sync_unit_target for Red_Infantry_2 enemy: 
GlobeView handling _on_unit_target_synced for Red_Infantry_2 enemy: 
Peer 1 received sync_unit_target for Red_Infantry_3 enemy: 
GlobeView handling _on_unit_target_synced for Red_Infantry_3 enemy: 
Peer 1 received sync_unit_target for Red_Infantry_3 enemy: 
GlobeView handling _on_unit_target_synced for Red_Infantry_3 enemy: 
Peer 1 received sync_unit_target for Red_Infantry_4 enemy: 
GlobeView handling _on_unit_target_synced for Red_Infantry_4 enemy: 
Peer 1 received sync_unit_target for Red_Infantry_4 enemy: 
GlobeView handling _on_unit_target_synced for Red_Infantry_4 enemy: 
Peer 1 received sync_unit_target for Red_Infantry_5 enemy: 
GlobeView handling _on_unit_target_synced for Red_Infantry_5 enemy: 
Peer 1 received sync_unit_target for Red_Infantry_5 enemy: 
GlobeView handling _on_unit_target_synced for Red_Infantry_5 enemy: 
Peer 1 received sync_unit_target for Red_Infantry_6 enemy: 
GlobeView handling _on_unit_target_synced for Red_Infantry_6 enemy: 
Peer 1 received sync_unit_target for Red_Infantry_6 enemy: 
GlobeView handling _on_unit_target_synced for Red_Infantry_6 enemy: 
Peer 1 received sync_unit_target for Red_Infantry_7 enemy: 
GlobeView handling _on_unit_target_synced for Red_Infantry_7 enemy: 
Peer 1 received sync_unit_target for Red_Infantry_7 enemy: 
GlobeView handling _on_unit_target_synced for Red_Infantry_7 enemy: 
Peer 1 received sync_unit_target for Red_Armor_1 enemy: 
GlobeView handling _on_unit_target_synced for Red_Armor_1 enemy: 
Peer 1 received sync_unit_target for Red_Armor_1 enemy: 
GlobeView handling _on_unit_target_synced for Red_Armor_1 enemy: 
Peer 1 received sync_unit_target for Red_Armor_2 enemy: 
GlobeView handling _on_unit_target_synced for Red_Armor_2 enemy: 
Peer 1 received sync_unit_target for Red_Armor_2 enemy: 
GlobeView handling _on_unit_target_synced for Red_Armor_2 enemy: 
Peer 1 received sync_unit_target for Red_Cruiser_1 enemy: 
GlobeView handling _on_unit_target_synced for Red_Cruiser_1 enemy: 
Peer 1 received sync_unit_target for Red_Cruiser_1 enemy: 
GlobeView handling _on_unit_target_synced for Red_Cruiser_1 enemy: 
Peer 1 received sync_unit_target for Red_Submarine_1 enemy: 
GlobeView handling _on_unit_target_synced for Red_Submarine_1 enemy: 
Peer 1 received sync_unit_target for Red_Submarine_1 enemy: 
GlobeView handling _on_unit_target_synced for Red_Submarine_1 enemy: 
Peer 1 received sync_unit_target for Red_Infantry_8 enemy: 
GlobeView handling _on_unit_target_synced for Red_Infantry_8 enemy: 
Peer 1 received sync_unit_target for Red_Infantry_8 enemy: 
GlobeView handling _on_unit_target_synced for Red_Infantry_8 enemy: 
DEBUG [Server? true]: request_nuke_launch received for Red
DEBUG Server: Faction nukes inventory = 1.0
DEBUG Server: Inventory decremented. Broadcasting sync_nuke_launch to all peers.
DEBUG [Peer 1]: sync_nuke_launch received.
[color=gray][00:00:18][/color] [color=red]NUCLEAR LAUNCH DETECTED OVER LONDON[/color]
>>> NEWS EVENT: NUCLEAR LAUNCH DETECTED OVER LONDON
Peer 1 received sync_unit_target for Blue_Infantry_1 enemy: Red_Armor_2
GlobeView handling _on_unit_target_synced for Blue_Infantry_1 enemy: Red_Armor_2
Peer 1 received sync_unit_target for Blue_Infantry_1 enemy: Red_Armor_2
GlobeView handling _on_unit_target_synced for Blue_Infantry_1 enemy: Red_Armor_2
Peer 1 received sync_unit_target for Blue_Infantry_2 enemy: Red_Infantry_7
GlobeView handling _on_unit_target_synced for Blue_Infantry_2 enemy: Red_Infantry_7
Peer 1 received sync_unit_target for Blue_Infantry_2 enemy: Red_Infantry_7
GlobeView handling _on_unit_target_synced for Blue_Infantry_2 enemy: Red_Infantry_7
Peer 1 received sync_unit_target for Blue_Armor_1 enemy: 
GlobeView handling _on_unit_target_synced for Blue_Armor_1 enemy: 
Peer 1 received sync_unit_target for Blue_Armor_1 enemy: 
GlobeView handling _on_unit_target_synced for Blue_Armor_1 enemy: 
Peer 1 received sync_unit_target for Blue_Infantry_3 enemy: 
GlobeView handling _on_unit_target_synced for Blue_Infantry_3 enemy: 
Peer 1 received sync_unit_target for Blue_Infantry_3 enemy: 
GlobeView handling _on_unit_target_synced for Blue_Infantry_3 enemy: 
Peer 1 received sync_unit_target for Blue_Infantry_4 enemy: 
GlobeView handling _on_unit_target_synced for Blue_Infantry_4 enemy: 
Peer 1 received sync_unit_target for Blue_Infantry_4 enemy: 
GlobeView handling _on_unit_target_synced for Blue_Infantry_4 enemy: 
Peer 1 received sync_unit_target for Blue_Infantry_5 enemy: 
GlobeView handling _on_unit_target_synced for Blue_Infantry_5 enemy: 
>>> NEWS EVENT: BLUE FORCE THREATENS BERLIN
Peer 1 received sync_unit_target for Blue_Infantry_5 enemy: 
GlobeView handling _on_unit_target_synced for Blue_Infantry_5 enemy: 
Peer 1 received sync_unit_target for Blue_Infantry_6 enemy: 
GlobeView handling _on_unit_target_synced for Blue_Infantry_6 enemy: 
Peer 1 received sync_unit_target for Blue_Infantry_6 enemy: 
GlobeView handling _on_unit_target_synced for Blue_Infantry_6 enemy: 
Peer 1 received sync_unit_target for Blue_Cruiser_1 enemy: Red_Cruiser_1
GlobeView handling _on_unit_target_synced for Blue_Cruiser_1 enemy: Red_Cruiser_1
Peer 1 received sync_unit_target for Blue_Cruiser_1 enemy: Red_Cruiser_1
GlobeView handling _on_unit_target_synced for Blue_Cruiser_1 enemy: Red_Cruiser_1
Peer 1 received sync_unit_target for Blue_Cruiser_2 enemy: Red_AIR_1
GlobeView handling _on_unit_target_synced for Blue_Cruiser_2 enemy: Red_AIR_1
Peer 1 received sync_unit_target for Blue_Cruiser_2 enemy: Red_AIR_1
GlobeView handling _on_unit_target_synced for Blue_Cruiser_2 enemy: Red_AIR_1
Peer 1 received sync_unit_target for Blue_Infantry_7 enemy: 
GlobeView handling _on_unit_target_synced for Blue_Infantry_7 enemy: 
Peer 1 received sync_unit_target for Blue_Infantry_7 enemy: 
GlobeView handling _on_unit_target_synced for Blue_Infantry_7 enemy: 
Peer 1 received sync_unit_target for Red_Infantry_1 enemy: Blue_Infantry_6
GlobeView handling _on_unit_target_synced for Red_Infantry_1 enemy: Blue_Infantry_6
>>> NEWS EVENT: RED FORCE THREATENS AMSTERDAM
Peer 1 received sync_unit_target for Red_Infantry_1 enemy: Blue_Infantry_6
GlobeView handling _on_unit_target_synced for Red_Infantry_1 enemy: Blue_Infantry_6
Peer 1 received sync_unit_target for Red_Infantry_2 enemy: Blue_Infantry_3
GlobeView handling _on_unit_target_synced for Red_Infantry_2 enemy: Blue_Infantry_3
>>> NEWS EVENT: RED FORCE THREATENS LUXEMBOURG
Peer 1 received sync_unit_target for Red_Infantry_2 enemy: Blue_Infantry_3
GlobeView handling _on_unit_target_synced for Red_Infantry_2 enemy: Blue_Infantry_3
Peer 1 received sync_unit_target for Red_Infantry_3 enemy: 
GlobeView handling _on_unit_target_synced for Red_Infantry_3 enemy: 
Peer 1 received sync_unit_target for Red_Infantry_3 enemy: 
GlobeView handling _on_unit_target_synced for Red_Infantry_3 enemy: 
Peer 1 received sync_unit_target for Red_Infantry_4 enemy: 
GlobeView handling _on_unit_target_synced for Red_Infantry_4 enemy: 
Peer 1 received sync_unit_target for Red_Infantry_4 enemy: 
GlobeView handling _on_unit_target_synced for Red_Infantry_4 enemy: 
Peer 1 received sync_unit_target for Red_Infantry_5 enemy: 
GlobeView handling _on_unit_target_synced for Red_Infantry_5 enemy: 
Peer 1 received sync_unit_target for Red_Infantry_5 enemy: 
GlobeView handling _on_unit_target_synced for Red_Infantry_5 enemy: 
Peer 1 received sync_unit_target for Red_Infantry_6 enemy: 
GlobeView handling _on_unit_target_synced for Red_Infantry_6 enemy: 
Peer 1 received sync_unit_target for Red_Infantry_6 enemy: 
GlobeView handling _on_unit_target_synced for Red_Infantry_6 enemy: 
Peer 1 received sync_unit_target for Red_Infantry_7 enemy: Blue_Infantry_3
GlobeView handling _on_unit_target_synced for Red_Infantry_7 enemy: Blue_Infantry_3
Peer 1 received sync_unit_target for Red_Infantry_7 enemy: Blue_Infantry_3
GlobeView handling _on_unit_target_synced for Red_Infantry_7 enemy: Blue_Infantry_3
Peer 1 received sync_unit_target for Red_Armor_1 enemy: 
GlobeView handling _on_unit_target_synced for Red_Armor_1 enemy: 
Peer 1 received sync_unit_target for Red_Armor_1 enemy: 
GlobeView handling _on_unit_target_synced for Red_Armor_1 enemy: 
Peer 1 received sync_unit_target for Red_Armor_2 enemy: 
GlobeView handling _on_unit_target_synced for Red_Armor_2 enemy: 
Peer 1 received sync_unit_target for Red_Armor_2 enemy: 
GlobeView handling _on_unit_target_synced for Red_Armor_2 enemy: 
Peer 1 received sync_unit_target for Red_Cruiser_1 enemy: Blue_Cruiser_2
GlobeView handling _on_unit_target_synced for Red_Cruiser_1 enemy: Blue_Cruiser_2
Peer 1 received sync_unit_target for Red_Cruiser_1 enemy: Blue_Cruiser_2
GlobeView handling _on_unit_target_synced for Red_Cruiser_1 enemy: Blue_Cruiser_2
Peer 1 received sync_unit_target for Red_Submarine_1 enemy: 
GlobeView handling _on_unit_target_synced for Red_Submarine_1 enemy: 
Peer 1 received sync_unit_target for Red_Submarine_1 enemy: 
GlobeView handling _on_unit_target_synced for Red_Submarine_1 enemy: 
Peer 1 received sync_unit_target for Red_Infantry_8 enemy: 
GlobeView handling _on_unit_target_synced for Red_Infantry_8 enemy: 
Peer 1 received sync_unit_target for Red_Infantry_8 enemy: 
GlobeView handling _on_unit_target_synced for Red_Infantry_8 enemy: 
Peer 1 received sync_unit_target for Blue_Infantry_1 enemy: Red_Armor_2
GlobeView handling _on_unit_target_synced for Blue_Infantry_1 enemy: Red_Armor_2
Peer 1 received sync_unit_target for Blue_Infantry_1 enemy: Red_Armor_2
GlobeView handling _on_unit_target_synced for Blue_Infantry_1 enemy: Red_Armor_2
Peer 1 received sync_unit_target for Blue_Infantry_2 enemy: Red_Infantry_7
GlobeView handling _on_unit_target_synced for Blue_Infantry_2 enemy: Red_Infantry_7
Peer 1 received sync_unit_target for Blue_Infantry_2 enemy: Red_Infantry_7
GlobeView handling _on_unit_target_synced for Blue_Infantry_2 enemy: Red_Infantry_7
Peer 1 received sync_unit_target for Blue_Armor_1 enemy: 
GlobeView handling _on_unit_target_synced for Blue_Armor_1 enemy: 
Peer 1 received sync_unit_target for Blue_Armor_1 enemy: 
GlobeView handling _on_unit_target_synced for Blue_Armor_1 enemy: 
Peer 1 received sync_unit_target for Blue_Infantry_3 enemy: 
GlobeView handling _on_unit_target_synced for Blue_Infantry_3 enemy: 
Peer 1 received sync_unit_target for Blue_Infantry_3 enemy: 
GlobeView handling _on_unit_target_synced for Blue_Infantry_3 enemy: 
Peer 1 received sync_unit_target for Blue_Infantry_4 enemy: 
GlobeView handling _on_unit_target_synced for Blue_Infantry_4 enemy: 
Peer 1 received sync_unit_target for Blue_Infantry_4 enemy: 
GlobeView handling _on_unit_target_synced for Blue_Infantry_4 enemy: 
Peer 1 received sync_unit_target for Blue_Infantry_5 enemy: 
GlobeView handling _on_unit_target_synced for Blue_Infantry_5 enemy: 
Peer 1 received sync_unit_target for Blue_Infantry_5 enemy: 
GlobeView handling _on_unit_target_synced for Blue_Infantry_5 enemy: 
Peer 1 received sync_unit_target for Blue_Infantry_6 enemy: 
GlobeView handling _on_unit_target_synced for Blue_Infantry_6 enemy: 
Peer 1 received sync_unit_target for Blue_Infantry_6 enemy: 
GlobeView handling _on_unit_target_synced for Blue_Infantry_6 enemy: 
Peer 1 received sync_unit_target for Blue_Cruiser_1 enemy: Red_Cruiser_1
GlobeView handling _on_unit_target_synced for Blue_Cruiser_1 enemy: Red_Cruiser_1
Peer 1 received sync_unit_target for Blue_Cruiser_1 enemy: Red_Cruiser_1
GlobeView handling _on_unit_target_synced for Blue_Cruiser_1 enemy: Red_Cruiser_1
Peer 1 received sync_unit_target for Blue_Cruiser_2 enemy: 
GlobeView handling _on_unit_target_synced for Blue_Cruiser_2 enemy: 
Peer 1 received sync_unit_target for Blue_Cruiser_2 enemy: 
GlobeView handling _on_unit_target_synced for Blue_Cruiser_2 enemy: 
Peer 1 received sync_unit_target for Blue_Infantry_7 enemy: 
GlobeView handling _on_unit_target_synced for Blue_Infantry_7 enemy: 
Peer 1 received sync_unit_target for Blue_Infantry_7 enemy: 
GlobeView handling _on_unit_target_synced for Blue_Infantry_7 enemy: 
Peer 1 received sync_unit_target for Red_Infantry_1 enemy: Blue_Infantry_6
GlobeView handling _on_unit_target_synced for Red_Infantry_1 enemy: Blue_Infantry_6
Peer 1 received sync_unit_target for Red_Infantry_1 enemy: Blue_Infantry_6
GlobeView handling _on_unit_target_synced for Red_Infantry_1 enemy: Blue_Infantry_6
Peer 1 received sync_unit_target for Red_Infantry_2 enemy: Blue_Infantry_3
GlobeView handling _on_unit_target_synced for Red_Infantry_2 enemy: Blue_Infantry_3
Peer 1 received sync_unit_target for Red_Infantry_2 enemy: Blue_Infantry_3
GlobeView handling _on_unit_target_synced for Red_Infantry_2 enemy: Blue_Infantry_3
Peer 1 received sync_unit_target for Red_Infantry_3 enemy: 
GlobeView handling _on_unit_target_synced for Red_Infantry_3 enemy: 
Peer 1 received sync_unit_target for Red_Infantry_3 enemy: 
GlobeView handling _on_unit_target_synced for Red_Infantry_3 enemy: 
Peer 1 received sync_unit_target for Red_Infantry_4 enemy: 
GlobeView handling _on_unit_target_synced for Red_Infantry_4 enemy: 
Peer 1 received sync_unit_target for Red_Infantry_4 enemy: 
GlobeView handling _on_unit_target_synced for Red_Infantry_4 enemy: 
Peer 1 received sync_unit_target for Red_Infantry_5 enemy: 
GlobeView handling _on_unit_target_synced for Red_Infantry_5 enemy: 
Peer 1 received sync_unit_target for Red_Infantry_5 enemy: 
GlobeView handling _on_unit_target_synced for Red_Infantry_5 enemy: 
Peer 1 received sync_unit_target for Red_Infantry_6 enemy: 
GlobeView handling _on_unit_target_synced for Red_Infantry_6 enemy: 
Peer 1 received sync_unit_target for Red_Infantry_6 enemy: 
GlobeView handling _on_unit_target_synced for Red_Infantry_6 enemy: 
Peer 1 received sync_unit_target for Red_Infantry_7 enemy: Blue_Infantry_3
GlobeView handling _on_unit_target_synced for Red_Infantry_7 enemy: Blue_Infantry_3
Peer 1 received sync_unit_target for Red_Infantry_7 enemy: Blue_Infantry_3
GlobeView handling _on_unit_target_synced for Red_Infantry_7 enemy: Blue_Infantry_3
Peer 1 received sync_unit_target for Red_Armor_1 enemy: 
GlobeView handling _on_unit_target_synced for Red_Armor_1 enemy: 
Peer 1 received sync_unit_target for Red_Armor_1 enemy: 
GlobeView handling _on_unit_target_synced for Red_Armor_1 enemy: 
Peer 1 received sync_unit_target for Red_Armor_2 enemy: 
GlobeView handling _on_unit_target_synced for Red_Armor_2 enemy: 
Peer 1 received sync_unit_target for Red_Armor_2 enemy: 
GlobeView handling _on_unit_target_synced for Red_Armor_2 enemy: 
Peer 1 received sync_unit_target for Red_Cruiser_1 enemy: 
GlobeView handling _on_unit_target_synced for Red_Cruiser_1 enemy: 
Peer 1 received sync_unit_target for Red_Cruiser_1 enemy: 
GlobeView handling _on_unit_target_synced for Red_Cruiser_1 enemy: 
Peer 1 received sync_unit_target for Red_Submarine_1 enemy: 
GlobeView handling _on_unit_target_synced for Red_Submarine_1 enemy: 
Peer 1 received sync_unit_target for Red_Submarine_1 enemy: 
GlobeView handling _on_unit_target_synced for Red_Submarine_1 enemy: 
Peer 1 received sync_unit_target for Red_Infantry_8 enemy: 
GlobeView handling _on_unit_target_synced for Red_Infantry_8 enemy: 
Peer 1 received sync_unit_target for Red_Infantry_8 enemy: 
GlobeView handling _on_unit_target_synced for Red_Infantry_8 enemy: 
[color=gray][00:00:23][/color] [color=red]NUCLEAR IMPACT CATASTROPHE OVER HAMBURG[/color]
>>> NEWS EVENT: NUCLEAR IMPACT CATASTROPHE OVER HAMBURG
DEBUG: Blast center: (-0.089783, 0.810295, -0.579103), inner_radius: 0.01683865232952 outer: 0.0280644205492
[color=gray][00:00:23][/color] [color=red]Red[/color] Infantry destroyed
[color=gray][00:00:23][/color] [color=red]Red[/color] Air destroyed
[color=gray][00:00:23][/color] [color=red]Red[/color] Cruiser destroyed
[color=gray][00:00:23][/color] [color=red]Red[/color] Infantry destroyed
[color=gray][00:00:23][/color] [color=red]NUCLEAR IMPACT CATASTROPHE OVER LONDON[/color]
>>> NEWS EVENT: NUCLEAR IMPACT CATASTROPHE OVER LONDON
DEBUG: Blast center: (-0.008661, 0.781684, -0.623615), inner_radius: 0.01557475884736 outer: 0.02595793141227
[color=gray][00:00:23][/color] [color=#3388ff]Blue[/color] Infantry destroyed
[color=gray][00:00:23][/color] [color=#3388ff]Blue[/color] Air destroyed
[color=gray][00:00:23][/color] [color=#3388ff]Blue[/color] Infantry destroyed
Peer 1 received sync_unit_target for Blue_Infantry_2 enemy: Red_Infantry_7
GlobeView handling _on_unit_target_synced for Blue_Infantry_2 enemy: Red_Infantry_7
Peer 1 received sync_unit_target for Blue_Infantry_2 enemy: Red_Infantry_7
GlobeView handling _on_unit_target_synced for Blue_Infantry_2 enemy: Red_Infantry_7
Peer 1 received sync_unit_target for Blue_Armor_1 enemy: Red_Infantry_5
GlobeView handling _on_unit_target_synced for Blue_Armor_1 enemy: Red_Infantry_5
Peer 1 received sync_unit_target for Blue_Armor_1 enemy: Red_Infantry_5
GlobeView handling _on_unit_target_synced for Blue_Armor_1 enemy: Red_Infantry_5
Peer 1 received sync_unit_target for Blue_Infantry_3 enemy: 
GlobeView handling _on_unit_target_synced for Blue_Infantry_3 enemy: 
Peer 1 received sync_unit_target for Blue_Infantry_3 enemy: 
GlobeView handling _on_unit_target_synced for Blue_Infantry_3 enemy: 
Peer 1 received sync_unit_target for Blue_Infantry_4 enemy: 
GlobeView handling _on_unit_target_synced for Blue_Infantry_4 enemy: 
Peer 1 received sync_unit_target for Blue_Infantry_4 enemy: 
GlobeView handling _on_unit_target_synced for Blue_Infantry_4 enemy: 
Peer 1 received sync_unit_target for Blue_Infantry_5 enemy: 
GlobeView handling _on_unit_target_synced for Blue_Infantry_5 enemy: 
Peer 1 received sync_unit_target for Blue_Infantry_5 enemy: 
GlobeView handling _on_unit_target_synced for Blue_Infantry_5 enemy: 
Peer 1 received sync_unit_target for Blue_Infantry_6 enemy: 
GlobeView handling _on_unit_target_synced for Blue_Infantry_6 enemy: 
Peer 1 received sync_unit_target for Blue_Infantry_6 enemy: 
GlobeView handling _on_unit_target_synced for Blue_Infantry_6 enemy: 
Peer 1 received sync_unit_target for Red_Infantry_2 enemy: 
GlobeView handling _on_unit_target_synced for Red_Infantry_2 enemy: 
Peer 1 received sync_unit_target for Red_Infantry_2 enemy: 
GlobeView handling _on_unit_target_synced for Red_Infantry_2 enemy: 
Peer 1 received sync_unit_target for Red_Infantry_3 enemy: 
GlobeView handling _on_unit_target_synced for Red_Infantry_3 enemy: 
Peer 1 received sync_unit_target for Red_Infantry_3 enemy: 
GlobeView handling _on_unit_target_synced for Red_Infantry_3 enemy: 
Peer 1 received sync_unit_target for Red_Infantry_4 enemy: 
GlobeView handling _on_unit_target_synced for Red_Infantry_4 enemy: 
Peer 1 received sync_unit_target for Red_Infantry_4 enemy: 
GlobeView handling _on_unit_target_synced for Red_Infantry_4 enemy: 
Peer 1 received sync_unit_target for Red_Infantry_5 enemy: 
GlobeView handling _on_unit_target_synced for Red_Infantry_5 enemy: 
Peer 1 received sync_unit_target for Red_Infantry_5 enemy: 
GlobeView handling _on_unit_target_synced for Red_Infantry_5 enemy: 
Peer 1 received sync_unit_target for Red_Infantry_6 enemy: Blue_Infantry_3
GlobeView handling _on_unit_target_synced for Red_Infantry_6 enemy: Blue_Infantry_3
Peer 1 received sync_unit_target for Red_Infantry_6 enemy: Blue_Infantry_3
GlobeView handling _on_unit_target_synced for Red_Infantry_6 enemy: Blue_Infantry_3
Peer 1 received sync_unit_target for Red_Infantry_7 enemy: Blue_Infantry_3
GlobeView handling _on_unit_target_synced for Red_Infantry_7 enemy: Blue_Infantry_3
Peer 1 received sync_unit_target for Red_Infantry_7 enemy: Blue_Infantry_3
GlobeView handling _on_unit_target_synced for Red_Infantry_7 enemy: Blue_Infantry_3
Peer 1 received sync_unit_target for Red_Armor_1 enemy: 
GlobeView handling _on_unit_target_synced for Red_Armor_1 enemy: 
Peer 1 received sync_unit_target for Red_Armor_1 enemy: 
GlobeView handling _on_unit_target_synced for Red_Armor_1 enemy: 
Peer 1 received sync_unit_target for Red_Armor_2 enemy: 
GlobeView handling _on_unit_target_synced for Red_Armor_2 enemy: 
Peer 1 received sync_unit_target for Red_Armor_2 enemy: 
GlobeView handling _on_unit_target_synced for Red_Armor_2 enemy: 
Peer 1 received sync_unit_target for Red_Submarine_1 enemy: 
GlobeView handling _on_unit_target_synced for Red_Submarine_1 enemy: 
Peer 1 received sync_unit_target for Red_Submarine_1 enemy: 
GlobeView handling _on_unit_target_synced for Red_Submarine_1 enemy: 
Peer 1 received sync_unit_target for Blue_Infantry_2 enemy: Red_Infantry_7
GlobeView handling _on_unit_target_synced for Blue_Infantry_2 enemy: Red_Infantry_7
Peer 1 received sync_unit_target for Blue_Infantry_2 enemy: Red_Infantry_7
GlobeView handling _on_unit_target_synced for Blue_Infantry_2 enemy: Red_Infantry_7
Peer 1 received sync_unit_target for Blue_Armor_1 enemy: Red_Infantry_4
GlobeView handling _on_unit_target_synced for Blue_Armor_1 enemy: Red_Infantry_4
Peer 1 received sync_unit_target for Blue_Armor_1 enemy: Red_Infantry_4
GlobeView handling _on_unit_target_synced for Blue_Armor_1 enemy: Red_Infantry_4
Peer 1 received sync_unit_target for Blue_Infantry_3 enemy: 
GlobeView handling _on_unit_target_synced for Blue_Infantry_3 enemy: 
Peer 1 received sync_unit_target for Blue_Infantry_3 enemy: 
GlobeView handling _on_unit_target_synced for Blue_Infantry_3 enemy: 
Peer 1 received sync_unit_target for Blue_Infantry_4 enemy: 
GlobeView handling _on_unit_target_synced for Blue_Infantry_4 enemy: 
Peer 1 received sync_unit_target for Blue_Infantry_4 enemy: 
GlobeView handling _on_unit_target_synced for Blue_Infantry_4 enemy: 
Peer 1 received sync_unit_target for Blue_Infantry_5 enemy: Red_Infantry_3
GlobeView handling _on_unit_target_synced for Blue_Infantry_5 enemy: Red_Infantry_3
Peer 1 received sync_unit_target for Blue_Infantry_5 enemy: Red_Infantry_3
GlobeView handling _on_unit_target_synced for Blue_Infantry_5 enemy: Red_Infantry_3
Peer 1 received sync_unit_target for Blue_Infantry_6 enemy: 
GlobeView handling _on_unit_target_synced for Blue_Infantry_6 enemy: 
Peer 1 received sync_unit_target for Blue_Infantry_6 enemy: 
GlobeView handling _on_unit_target_synced for Blue_Infantry_6 enemy: 
Peer 1 received sync_unit_target for Red_Infantry_2 enemy: 
GlobeView handling _on_unit_target_synced for Red_Infantry_2 enemy: 
Peer 1 received sync_unit_target for Red_Infantry_2 enemy: 
GlobeView handling _on_unit_target_synced for Red_Infantry_2 enemy: 
Peer 1 received sync_unit_target for Red_Infantry_3 enemy: 
GlobeView handling _on_unit_target_synced for Red_Infantry_3 enemy: 
Peer 1 received sync_unit_target for Red_Infantry_3 enemy: 
GlobeView handling _on_unit_target_synced for Red_Infantry_3 enemy: 
Peer 1 received sync_unit_target for Red_Infantry_4 enemy: 
GlobeView handling _on_unit_target_synced for Red_Infantry_4 enemy: 
Peer 1 received sync_unit_target for Red_Infantry_4 enemy: 
GlobeView handling _on_unit_target_synced for Red_Infantry_4 enemy: 
Peer 1 received sync_unit_target for Red_Infantry_5 enemy: 
GlobeView handling _on_unit_target_synced for Red_Infantry_5 enemy: 
Peer 1 received sync_unit_target for Red_Infantry_5 enemy: 
GlobeView handling _on_unit_target_synced for Red_Infantry_5 enemy: 
Peer 1 received sync_unit_target for Red_Infantry_6 enemy: Blue_Infantry_3
GlobeView handling _on_unit_target_synced for Red_Infantry_6 enemy: Blue_Infantry_3
Peer 1 received sync_unit_target for Red_Infantry_6 enemy: Blue_Infantry_3
GlobeView handling _on_unit_target_synced for Red_Infantry_6 enemy: Blue_Infantry_3
Peer 1 received sync_unit_target for Red_Infantry_7 enemy: Blue_Infantry_3
GlobeView handling _on_unit_target_synced for Red_Infantry_7 enemy: Blue_Infantry_3
Peer 1 received sync_unit_target for Red_Infantry_7 enemy: Blue_Infantry_3
GlobeView handling _on_unit_target_synced for Red_Infantry_7 enemy: Blue_Infantry_3
Peer 1 received sync_unit_target for Red_Armor_1 enemy: 
GlobeView handling _on_unit_target_synced for Red_Armor_1 enemy: 
Peer 1 received sync_unit_target for Red_Armor_1 enemy: 
GlobeView handling _on_unit_target_synced for Red_Armor_1 enemy: 
Peer 1 received sync_unit_target for Red_Armor_2 enemy: 
GlobeView handling _on_unit_target_synced for Red_Armor_2 enemy: 
Peer 1 received sync_unit_target for Red_Armor_2 enemy: 
GlobeView handling _on_unit_target_synced for Red_Armor_2 enemy: 
Peer 1 received sync_unit_target for Red_Submarine_1 enemy: 
GlobeView handling _on_unit_target_synced for Red_Submarine_1 enemy: 
Peer 1 received sync_unit_target for Red_Submarine_1 enemy: 
GlobeView handling _on_unit_target_synced for Red_Submarine_1 enemy: 
Peer 1 received sync_unit_target for Blue_Infantry_2 enemy: Red_Infantry_7
GlobeView handling _on_unit_target_synced for Blue_Infantry_2 enemy: Red_Infantry_7
Peer 1 received sync_unit_target for Blue_Infantry_2 enemy: Red_Infantry_7
GlobeView handling _on_unit_target_synced for Blue_Infantry_2 enemy: Red_Infantry_7
Peer 1 received sync_unit_target for Blue_Armor_1 enemy: 
GlobeView handling _on_unit_target_synced for Blue_Armor_1 enemy: 
Peer 1 received sync_unit_target for Blue_Armor_1 enemy: 
GlobeView handling _on_unit_target_synced for Blue_Armor_1 enemy: 
Peer 1 received sync_unit_target for Blue_Infantry_3 enemy: 
GlobeView handling _on_unit_target_synced for Blue_Infantry_3 enemy: 
Peer 1 received sync_unit_target for Blue_Infantry_3 enemy: 
GlobeView handling _on_unit_target_synced for Blue_Infantry_3 enemy: 
Peer 1 received sync_unit_target for Blue_Infantry_4 enemy: 
GlobeView handling _on_unit_target_synced for Blue_Infantry_4 enemy: 
Peer 1 received sync_unit_target for Blue_Infantry_4 enemy: 
GlobeView handling _on_unit_target_synced for Blue_Infantry_4 enemy: 
Peer 1 received sync_unit_target for Blue_Infantry_5 enemy: Red_Infantry_3
GlobeView handling _on_unit_target_synced for Blue_Infantry_5 enemy: Red_Infantry_3
Peer 1 received sync_unit_target for Blue_Infantry_5 enemy: Red_Infantry_3
GlobeView handling _on_unit_target_synced for Blue_Infantry_5 enemy: Red_Infantry_3
Peer 1 received sync_unit_target for Blue_Infantry_6 enemy: 
GlobeView handling _on_unit_target_synced for Blue_Infantry_6 enemy: 
Peer 1 received sync_unit_target for Blue_Infantry_6 enemy: 
GlobeView handling _on_unit_target_synced for Blue_Infantry_6 enemy: 
Peer 1 received sync_unit_target for Red_Infantry_2 enemy: 
GlobeView handling _on_unit_target_synced for Red_Infantry_2 enemy: 
Peer 1 received sync_unit_target for Red_Infantry_2 enemy: 
GlobeView handling _on_unit_target_synced for Red_Infantry_2 enemy: 
Peer 1 received sync_unit_target for Red_Infantry_3 enemy: 
GlobeView handling _on_unit_target_synced for Red_Infantry_3 enemy: 
Peer 1 received sync_unit_target for Red_Infantry_3 enemy: 
GlobeView handling _on_unit_target_synced for Red_Infantry_3 enemy: 
Peer 1 received sync_unit_target for Red_Infantry_4 enemy: 
GlobeView handling _on_unit_target_synced for Red_Infantry_4 enemy: 
Peer 1 received sync_unit_target for Red_Infantry_4 enemy: 
GlobeView handling _on_unit_target_synced for Red_Infantry_4 enemy: 
Peer 1 received sync_unit_target for Red_Infantry_5 enemy: 
GlobeView handling _on_unit_target_synced for Red_Infantry_5 enemy: 
Peer 1 received sync_unit_target for Red_Infantry_5 enemy: 
GlobeView handling _on_unit_target_synced for Red_Infantry_5 enemy: 
Peer 1 received sync_unit_target for Red_Infantry_6 enemy: Blue_Infantry_3
GlobeView handling _on_unit_target_synced for Red_Infantry_6 enemy: Blue_Infantry_3
Peer 1 received sync_unit_target for Red_Infantry_6 enemy: Blue_Infantry_3
GlobeView handling _on_unit_target_synced for Red_Infantry_6 enemy: Blue_Infantry_3
Peer 1 received sync_unit_target for Red_Infantry_7 enemy: Blue_Infantry_3
GlobeView handling _on_unit_target_synced for Red_Infantry_7 enemy: Blue_Infantry_3
Peer 1 received sync_unit_target for Red_Infantry_7 enemy: Blue_Infantry_3
GlobeView handling _on_unit_target_synced for Red_Infantry_7 enemy: Blue_Infantry_3
Peer 1 received sync_unit_target for Red_Armor_1 enemy: 
GlobeView handling _on_unit_target_synced for Red_Armor_1 enemy: 
Peer 1 received sync_unit_target for Red_Armor_1 enemy: 
GlobeView handling _on_unit_target_synced for Red_Armor_1 enemy: 
Peer 1 received sync_unit_target for Red_Armor_2 enemy: 
GlobeView handling _on_unit_target_synced for Red_Armor_2 enemy: 
Peer 1 received sync_unit_target for Red_Armor_2 enemy: 
GlobeView handling _on_unit_target_synced for Red_Armor_2 enemy: 
Peer 1 received sync_unit_target for Red_Submarine_1 enemy: 
GlobeView handling _on_unit_target_synced for Red_Submarine_1 enemy: 
Peer 1 received sync_unit_target for Red_Submarine_1 enemy: 
GlobeView handling _on_unit_target_synced for Red_Submarine_1 enemy: 
Peer 1 received sync_unit_target for Blue_Infantry_2 enemy: Red_Infantry_7
GlobeView handling _on_unit_target_synced for Blue_Infantry_2 enemy: Red_Infantry_7
Peer 1 received sync_unit_target for Blue_Infantry_2 enemy: Red_Infantry_7
GlobeView handling _on_unit_target_synced for Blue_Infantry_2 enemy: Red_Infantry_7
Peer 1 received sync_unit_target for Blue_Armor_1 enemy: Red_Infantry_5
GlobeView handling _on_unit_target_synced for Blue_Armor_1 enemy: Red_Infantry_5
Peer 1 received sync_unit_target for Blue_Armor_1 enemy: Red_Infantry_5
GlobeView handling _on_unit_target_synced for Blue_Armor_1 enemy: Red_Infantry_5
Peer 1 received sync_unit_target for Blue_Infantry_3 enemy: 
GlobeView handling _on_unit_target_synced for Blue_Infantry_3 enemy: 
Peer 1 received sync_unit_target for Blue_Infantry_3 enemy: 
GlobeView handling _on_unit_target_synced for Blue_Infantry_3 enemy: 
Peer 1 received sync_unit_target for Blue_Infantry_4 enemy: 
GlobeView handling _on_unit_target_synced for Blue_Infantry_4 enemy: 
Peer 1 received sync_unit_target for Blue_Infantry_4 enemy: 
GlobeView handling _on_unit_target_synced for Blue_Infantry_4 enemy: 
Peer 1 received sync_unit_target for Blue_Infantry_5 enemy: 
GlobeView handling _on_unit_target_synced for Blue_Infantry_5 enemy: 
Peer 1 received sync_unit_target for Blue_Infantry_5 enemy: 
GlobeView handling _on_unit_target_synced for Blue_Infantry_5 enemy: 
Peer 1 received sync_unit_target for Red_Infantry_2 enemy: 
GlobeView handling _on_unit_target_synced for Red_Infantry_2 enemy: 
Peer 1 received sync_unit_target for Red_Infantry_2 enemy: 
GlobeView handling _on_unit_target_synced for Red_Infantry_2 enemy: 
Peer 1 received sync_unit_target for Red_Infantry_3 enemy: 
GlobeView handling _on_unit_target_synced for Red_Infantry_3 enemy: 
Peer 1 received sync_unit_target for Red_Infantry_3 enemy: 
GlobeView handling _on_unit_target_synced for Red_Infantry_3 enemy: 
Peer 1 received sync_unit_target for Red_Infantry_4 enemy: 
GlobeView handling _on_unit_target_synced for Red_Infantry_4 enemy: 
Peer 1 received sync_unit_target for Red_Infantry_4 enemy: 
GlobeView handling _on_unit_target_synced for Red_Infantry_4 enemy: 
Peer 1 received sync_unit_target for Red_Infantry_5 enemy: 
GlobeView handling _on_unit_target_synced for Red_Infantry_5 enemy: 
Peer 1 received sync_unit_target for Red_Infantry_5 enemy: 
GlobeView handling _on_unit_target_synced for Red_Infantry_5 enemy: 
Peer 1 received sync_unit_target for Red_Infantry_6 enemy: Blue_Infantry_3
GlobeView handling _on_unit_target_synced for Red_Infantry_6 enemy: Blue_Infantry_3
Peer 1 received sync_unit_target for Red_Infantry_6 enemy: Blue_Infantry_3
GlobeView handling _on_unit_target_synced for Red_Infantry_6 enemy: Blue_Infantry_3
Peer 1 received sync_unit_target for Red_Infantry_7 enemy: Blue_Infantry_3
GlobeView handling _on_unit_target_synced for Red_Infantry_7 enemy: Blue_Infantry_3
Peer 1 received sync_unit_target for Red_Infantry_7 enemy: Blue_Infantry_3
GlobeView handling _on_unit_target_synced for Red_Infantry_7 enemy: Blue_Infantry_3
Peer 1 received sync_unit_target for Red_Armor_1 enemy: 
GlobeView handling _on_unit_target_synced for Red_Armor_1 enemy: 
Peer 1 received sync_unit_target for Red_Armor_1 enemy: 
GlobeView handling _on_unit_target_synced for Red_Armor_1 enemy: 
Peer 1 received sync_unit_target for Red_Submarine_1 enemy: 
GlobeView handling _on_unit_target_synced for Red_Submarine_1 enemy: 
Peer 1 received sync_unit_target for Red_Submarine_1 enemy: 
GlobeView handling _on_unit_target_synced for Red_Submarine_1 enemy: 
Peer 1 received sync_unit_target for Blue_Infantry_2 enemy: 
GlobeView handling _on_unit_target_synced for Blue_Infantry_2 enemy: 
Peer 1 received sync_unit_target for Blue_Infantry_2 enemy: 
GlobeView handling _on_unit_target_synced for Blue_Infantry_2 enemy: 
Peer 1 received sync_unit_target for Blue_Armor_1 enemy: 
GlobeView handling _on_unit_target_synced for Blue_Armor_1 enemy: 
Peer 1 received sync_unit_target for Blue_Armor_1 enemy: 
GlobeView handling _on_unit_target_synced for Blue_Armor_1 enemy: 
Peer 1 received sync_unit_target for Blue_Infantry_3 enemy: 
GlobeView handling _on_unit_target_synced for Blue_Infantry_3 enemy: 
Peer 1 received sync_unit_target for Blue_Infantry_3 enemy: 
GlobeView handling _on_unit_target_synced for Blue_Infantry_3 enemy: 
Peer 1 received sync_unit_target for Blue_Infantry_4 enemy: 
GlobeView handling _on_unit_target_synced for Blue_Infantry_4 enemy: 
Peer 1 received sync_unit_target for Blue_Infantry_4 enemy: 
GlobeView handling _on_unit_target_synced for Blue_Infantry_4 enemy: 
Peer 1 received sync_unit_target for Blue_Infantry_5 enemy: 
GlobeView handling _on_unit_target_synced for Blue_Infantry_5 enemy: 
Peer 1 received sync_unit_target for Blue_Infantry_5 enemy: 
GlobeView handling _on_unit_target_synced for Blue_Infantry_5 enemy: 
Peer 1 received sync_unit_target for Red_Infantry_2 enemy: 
GlobeView handling _on_unit_target_synced for Red_Infantry_2 enemy: 
Peer 1 received sync_unit_target for Red_Infantry_2 enemy: 
GlobeView handling _on_unit_target_synced for Red_Infantry_2 enemy: 
Peer 1 received sync_unit_target for Red_Infantry_3 enemy: 
GlobeView handling _on_unit_target_synced for Red_Infantry_3 enemy: 
Peer 1 received sync_unit_target for Red_Infantry_3 enemy: 
GlobeView handling _on_unit_target_synced for Red_Infantry_3 enemy: 
Peer 1 received sync_unit_target for Red_Infantry_4 enemy: 
GlobeView handling _on_unit_target_synced for Red_Infantry_4 enemy: 
Peer 1 received sync_unit_target for Red_Infantry_4 enemy: 
GlobeView handling _on_unit_target_synced for Red_Infantry_4 enemy: 
Peer 1 received sync_unit_target for Red_Infantry_5 enemy: 
GlobeView handling _on_unit_target_synced for Red_Infantry_5 enemy: 
Peer 1 received sync_unit_target for Red_Infantry_5 enemy: 
GlobeView handling _on_unit_target_synced for Red_Infantry_5 enemy: 
Peer 1 received sync_unit_target for Red_Infantry_6 enemy: Blue_Infantry_3
GlobeView handling _on_unit_target_synced for Red_Infantry_6 enemy: Blue_Infantry_3
Peer 1 received sync_unit_target for Red_Infantry_6 enemy: Blue_Infantry_3
GlobeView handling _on_unit_target_synced for Red_Infantry_6 enemy: Blue_Infantry_3
Peer 1 received sync_unit_target for Red_Infantry_7 enemy: Blue_Infantry_3
GlobeView handling _on_unit_target_synced for Red_Infantry_7 enemy: Blue_Infantry_3
Peer 1 received sync_unit_target for Red_Infantry_7 enemy: Blue_Infantry_3
GlobeView handling _on_unit_target_synced for Red_Infantry_7 enemy: Blue_Infantry_3
Peer 1 received sync_unit_target for Red_Armor_1 enemy: 
GlobeView handling _on_unit_target_synced for Red_Armor_1 enemy: 
Peer 1 received sync_unit_target for Red_Armor_1 enemy: 
GlobeView handling _on_unit_target_synced for Red_Armor_1 enemy: 
Peer 1 received sync_unit_target for Red_Submarine_1 enemy: 
GlobeView handling _on_unit_target_synced for Red_Submarine_1 enemy: 
Peer 1 received sync_unit_target for Red_Submarine_1 enemy: 
GlobeView handling _on_unit_target_synced for Red_Submarine_1 enemy: 
Peer 1 received sync_unit_target for Blue_Infantry_2 enemy: 
GlobeView handling _on_unit_target_synced for Blue_Infantry_2 enemy: 
Peer 1 received sync_unit_target for Blue_Infantry_2 enemy: 
GlobeView handling _on_unit_target_synced for Blue_Infantry_2 enemy: 
Peer 1 received sync_unit_target for Blue_Armor_1 enemy: 
GlobeView handling _on_unit_target_synced for Blue_Armor_1 enemy: 
Peer 1 received sync_unit_target for Blue_Armor_1 enemy: 
GlobeView handling _on_unit_target_synced for Blue_Armor_1 enemy: 
Peer 1 received sync_unit_target for Blue_Infantry_3 enemy: 
GlobeView handling _on_unit_target_synced for Blue_Infantry_3 enemy: 
Peer 1 received sync_unit_target for Blue_Infantry_3 enemy: 
GlobeView handling _on_unit_target_synced for Blue_Infantry_3 enemy: 
Peer 1 received sync_unit_target for Blue_Infantry_4 enemy: 
GlobeView handling _on_unit_target_synced for Blue_Infantry_4 enemy: 
Peer 1 received sync_unit_target for Blue_Infantry_4 enemy: 
GlobeView handling _on_unit_target_synced for Blue_Infantry_4 enemy: 
Peer 1 received sync_unit_target for Blue_Infantry_5 enemy: 
GlobeView handling _on_unit_target_synced for Blue_Infantry_5 enemy: 
Peer 1 received sync_unit_target for Blue_Infantry_5 enemy: 
GlobeView handling _on_unit_target_synced for Blue_Infantry_5 enemy: 
Peer 1 received sync_unit_target for Red_Infantry_2 enemy: 
GlobeView handling _on_unit_target_synced for Red_Infantry_2 enemy: 
Peer 1 received sync_unit_target for Red_Infantry_2 enemy: 
GlobeView handling _on_unit_target_synced for Red_Infantry_2 enemy: 
Peer 1 received sync_unit_target for Red_Infantry_3 enemy: 
GlobeView handling _on_unit_target_synced for Red_Infantry_3 enemy: 
Peer 1 received sync_unit_target for Red_Infantry_3 enemy: 
GlobeView handling _on_unit_target_synced for Red_Infantry_3 enemy: 
Peer 1 received sync_unit_target for Red_Infantry_4 enemy: 
GlobeView handling _on_unit_target_synced for Red_Infantry_4 enemy: 
Peer 1 received sync_unit_target for Red_Infantry_4 enemy: 
GlobeView handling _on_unit_target_synced for Red_Infantry_4 enemy: 
Peer 1 received sync_unit_target for Red_Infantry_5 enemy: 
GlobeView handling _on_unit_target_synced for Red_Infantry_5 enemy: 
Peer 1 received sync_unit_target for Red_Infantry_5 enemy: 
GlobeView handling _on_unit_target_synced for Red_Infantry_5 enemy: 
Peer 1 received sync_unit_target for Red_Infantry_6 enemy: Blue_Infantry_3
GlobeView handling _on_unit_target_synced for Red_Infantry_6 enemy: Blue_Infantry_3
Peer 1 received sync_unit_target for Red_Infantry_6 enemy: Blue_Infantry_3
GlobeView handling _on_unit_target_synced for Red_Infantry_6 enemy: Blue_Infantry_3
Peer 1 received sync_unit_target for Red_Infantry_7 enemy: Blue_Infantry_3
GlobeView handling _on_unit_target_synced for Red_Infantry_7 enemy: Blue_Infantry_3
Peer 1 received sync_unit_target for Red_Infantry_7 enemy: Blue_Infantry_3
GlobeView handling _on_unit_target_synced for Red_Infantry_7 enemy: Blue_Infantry_3
Peer 1 received sync_unit_target for Red_Armor_1 enemy: 
GlobeView handling _on_unit_target_synced for Red_Armor_1 enemy: 
Peer 1 received sync_unit_target for Red_Armor_1 enemy: 
GlobeView handling _on_unit_target_synced for Red_Armor_1 enemy: 
Peer 1 received sync_unit_target for Red_Submarine_1 enemy: 
GlobeView handling _on_unit_target_synced for Red_Submarine_1 enemy: 
Peer 1 received sync_unit_target for Red_Submarine_1 enemy: 
GlobeView handling _on_unit_target_synced for Red_Submarine_1 enemy: 
Peer 1 received sync_unit_target for Blue_Infantry_2 enemy: 
GlobeView handling _on_unit_target_synced for Blue_Infantry_2 enemy: 
Peer 1 received sync_unit_target for Blue_Infantry_2 enemy: 
GlobeView handling _on_unit_target_synced for Blue_Infantry_2 enemy: 
Peer 1 received sync_unit_target for Blue_Armor_1 enemy: 
GlobeView handling _on_unit_target_synced for Blue_Armor_1 enemy: 
Peer 1 received sync_unit_target for Blue_Armor_1 enemy: 
GlobeView handling _on_unit_target_synced for Blue_Armor_1 enemy: 
Peer 1 received sync_unit_target for Blue_Infantry_4 enemy: 
GlobeView handling _on_unit_target_synced for Blue_Infantry_4 enemy: 
Peer 1 received sync_unit_target for Blue_Infantry_4 enemy: 
GlobeView handling _on_unit_target_synced for Blue_Infantry_4 enemy: 
Peer 1 received sync_unit_target for Blue_Infantry_5 enemy: 
GlobeView handling _on_unit_target_synced for Blue_Infantry_5 enemy: 
Peer 1 received sync_unit_target for Blue_Infantry_5 enemy: 
GlobeView handling _on_unit_target_synced for Blue_Infantry_5 enemy: 
Peer 1 received sync_unit_target for Red_Infantry_2 enemy: 
GlobeView handling _on_unit_target_synced for Red_Infantry_2 enemy: 
Peer 1 received sync_unit_target for Red_Infantry_2 enemy: 
GlobeView handling _on_unit_target_synced for Red_Infantry_2 enemy: 
Peer 1 received sync_unit_target for Red_Infantry_3 enemy: 
GlobeView handling _on_unit_target_synced for Red_Infantry_3 enemy: 
Peer 1 received sync_unit_target for Red_Infantry_3 enemy: 
GlobeView handling _on_unit_target_synced for Red_Infantry_3 enemy: 
Peer 1 received sync_unit_target for Red_Infantry_4 enemy: 
GlobeView handling _on_unit_target_synced for Red_Infantry_4 enemy: 
Peer 1 received sync_unit_target for Red_Infantry_4 enemy: 
GlobeView handling _on_unit_target_synced for Red_Infantry_4 enemy: 
Peer 1 received sync_unit_target for Red_Infantry_5 enemy: 
GlobeView handling _on_unit_target_synced for Red_Infantry_5 enemy: 
Peer 1 received sync_unit_target for Red_Infantry_5 enemy: 
GlobeView handling _on_unit_target_synced for Red_Infantry_5 enemy: 
Peer 1 received sync_unit_target for Red_Infantry_6 enemy: Blue_Infantry_3
GlobeView handling _on_unit_target_synced for Red_Infantry_6 enemy: Blue_Infantry_3
Peer 1 received sync_unit_target for Red_Infantry_6 enemy: Blue_Infantry_3
GlobeView handling _on_unit_target_synced for Red_Infantry_6 enemy: Blue_Infantry_3
Peer 1 received sync_unit_target for Red_Armor_1 enemy: 
GlobeView handling _on_unit_target_synced for Red_Armor_1 enemy: 
Peer 1 received sync_unit_target for Red_Armor_1 enemy: 
GlobeView handling _on_unit_target_synced for Red_Armor_1 enemy: 
Peer 1 received sync_unit_target for Red_Submarine_1 enemy: 
GlobeView handling _on_unit_target_synced for Red_Submarine_1 enemy: 
Peer 1 received sync_unit_target for Red_Submarine_1 enemy: 
GlobeView handling _on_unit_target_synced for Red_Submarine_1 enemy: 
Peer 1 received sync_unit_target for Blue_Infantry_2 enemy: 
GlobeView handling _on_unit_target_synced for Blue_Infantry_2 enemy: 
Peer 1 received sync_unit_target for Blue_Infantry_2 enemy: 
GlobeView handling _on_unit_target_synced for Blue_Infantry_2 enemy: 
Peer 1 received sync_unit_target for Blue_Armor_1 enemy: 
GlobeView handling _on_unit_target_synced for Blue_Armor_1 enemy: 
Peer 1 received sync_unit_target for Blue_Armor_1 enemy: 
GlobeView handling _on_unit_target_synced for Blue_Armor_1 enemy: 
Peer 1 received sync_unit_target for Blue_Infantry_4 enemy: 
GlobeView handling _on_unit_target_synced for Blue_Infantry_4 enemy: 
Peer 1 received sync_unit_target for Blue_Infantry_4 enemy: 
GlobeView handling _on_unit_target_synced for Blue_Infantry_4 enemy: 
Peer 1 received sync_unit_target for Blue_Infantry_5 enemy: Red_Infantry_3
GlobeView handling _on_unit_target_synced for Blue_Infantry_5 enemy: Red_Infantry_3
Peer 1 received sync_unit_target for Blue_Infantry_5 enemy: Red_Infantry_3
GlobeView handling _on_unit_target_synced for Blue_Infantry_5 enemy: Red_Infantry_3
Peer 1 received sync_unit_target for Red_Infantry_2 enemy: 
GlobeView handling _on_unit_target_synced for Red_Infantry_2 enemy: 
Peer 1 received sync_unit_target for Red_Infantry_2 enemy: 
GlobeView handling _on_unit_target_synced for Red_Infantry_2 enemy: 
Peer 1 received sync_unit_target for Red_Infantry_3 enemy: 
GlobeView handling _on_unit_target_synced for Red_Infantry_3 enemy: 
Peer 1 received sync_unit_target for Red_Infantry_3 enemy: 
GlobeView handling _on_unit_target_synced for Red_Infantry_3 enemy: 
Peer 1 received sync_unit_target for Red_Infantry_4 enemy: 
GlobeView handling _on_unit_target_synced for Red_Infantry_4 enemy: 
Peer 1 received sync_unit_target for Red_Infantry_4 enemy: 
GlobeView handling _on_unit_target_synced for Red_Infantry_4 enemy: 
Peer 1 received sync_unit_target for Red_Infantry_5 enemy: 
GlobeView handling _on_unit_target_synced for Red_Infantry_5 enemy: 
Peer 1 received sync_unit_target for Red_Infantry_5 enemy: 
GlobeView handling _on_unit_target_synced for Red_Infantry_5 enemy: 
Peer 1 received sync_unit_target for Red_Infantry_6 enemy: Blue_Infantry_3
GlobeView handling _on_unit_target_synced for Red_Infantry_6 enemy: Blue_Infantry_3
Peer 1 received sync_unit_target for Red_Infantry_6 enemy: Blue_Infantry_3
GlobeView handling _on_unit_target_synced for Red_Infantry_6 enemy: Blue_Infantry_3
Peer 1 received sync_unit_target for Red_Armor_1 enemy: 
GlobeView handling _on_unit_target_synced for Red_Armor_1 enemy: 
Peer 1 received sync_unit_target for Red_Armor_1 enemy: 
GlobeView handling _on_unit_target_synced for Red_Armor_1 enemy: 
Peer 1 received sync_unit_target for Red_Submarine_1 enemy: 
GlobeView handling _on_unit_target_synced for Red_Submarine_1 enemy: 
Peer 1 received sync_unit_target for Red_Submarine_1 enemy: 
GlobeView handling _on_unit_target_synced for Red_Submarine_1 enemy: 
Peer 1 received sync_unit_target for Blue_Infantry_2 enemy: 
GlobeView handling _on_unit_target_synced for Blue_Infantry_2 enemy: 
Peer 1 received sync_unit_target for Blue_Infantry_2 enemy: 
GlobeView handling _on_unit_target_synced for Blue_Infantry_2 enemy: 
Peer 1 received sync_unit_target for Blue_Armor_1 enemy: 
GlobeView handling _on_unit_target_synced for Blue_Armor_1 enemy: 
Peer 1 received sync_unit_target for Blue_Armor_1 enemy: 
GlobeView handling _on_unit_target_synced for Blue_Armor_1 enemy: 
Peer 1 received sync_unit_target for Blue_Infantry_4 enemy: 
GlobeView handling _on_unit_target_synced for Blue_Infantry_4 enemy: 
Peer 1 received sync_unit_target for Blue_Infantry_4 enemy: 
GlobeView handling _on_unit_target_synced for Blue_Infantry_4 enemy: 
Peer 1 received sync_unit_target for Blue_Infantry_5 enemy: Red_Infantry_3
GlobeView handling _on_unit_target_synced for Blue_Infantry_5 enemy: Red_Infantry_3
Peer 1 received sync_unit_target for Blue_Infantry_5 enemy: Red_Infantry_3
GlobeView handling _on_unit_target_synced for Blue_Infantry_5 enemy: Red_Infantry_3
Peer 1 received sync_unit_target for Red_Infantry_2 enemy: 
GlobeView handling _on_unit_target_synced for Red_Infantry_2 enemy: 
Peer 1 received sync_unit_target for Red_Infantry_2 enemy: 
GlobeView handling _on_unit_target_synced for Red_Infantry_2 enemy: 
Peer 1 received sync_unit_target for Red_Infantry_3 enemy: 
GlobeView handling _on_unit_target_synced for Red_Infantry_3 enemy: 
>>> NEWS EVENT: RED FORCE THREATENS LUXEMBOURG
Peer 1 received sync_unit_target for Red_Infantry_3 enemy: 
GlobeView handling _on_unit_target_synced for Red_Infantry_3 enemy: 
Peer 1 received sync_unit_target for Red_Infantry_4 enemy: 
GlobeView handling _on_unit_target_synced for Red_Infantry_4 enemy: 
Peer 1 received sync_unit_target for Red_Infantry_4 enemy: 
GlobeView handling _on_unit_target_synced for Red_Infantry_4 enemy: 
Peer 1 received sync_unit_target for Red_Infantry_5 enemy: 
GlobeView handling _on_unit_target_synced for Red_Infantry_5 enemy: 
Peer 1 received sync_unit_target for Red_Infantry_5 enemy: 
GlobeView handling _on_unit_target_synced for Red_Infantry_5 enemy: 
Peer 1 received sync_unit_target for Red_Infantry_6 enemy: Blue_Infantry_3
GlobeView handling _on_unit_target_synced for Red_Infantry_6 enemy: Blue_Infantry_3
Peer 1 received sync_unit_target for Red_Infantry_6 enemy: Blue_Infantry_3
GlobeView handling _on_unit_target_synced for Red_Infantry_6 enemy: Blue_Infantry_3
Peer 1 received sync_unit_target for Red_Armor_1 enemy: 
GlobeView handling _on_unit_target_synced for Red_Armor_1 enemy: 
Peer 1 received sync_unit_target for Red_Armor_1 enemy: 
GlobeView handling _on_unit_target_synced for Red_Armor_1 enemy: 
Peer 1 received sync_unit_target for Red_Submarine_1 enemy: 
GlobeView handling _on_unit_target_synced for Red_Submarine_1 enemy: 
Peer 1 received sync_unit_target for Red_Submarine_1 enemy: 
GlobeView handling _on_unit_target_synced for Red_Submarine_1 enemy: 
Peer 1 received sync_unit_target for Blue_Infantry_2 enemy: 
GlobeView handling _on_unit_target_synced for Blue_Infantry_2 enemy: 
Peer 1 received sync_unit_target for Blue_Infantry_2 enemy: 
GlobeView handling _on_unit_target_synced for Blue_Infantry_2 enemy: 
Peer 1 received sync_unit_target for Blue_Armor_1 enemy: 
GlobeView handling _on_unit_target_synced for Blue_Armor_1 enemy: 
Peer 1 received sync_unit_target for Blue_Armor_1 enemy: 
GlobeView handling _on_unit_target_synced for Blue_Armor_1 enemy: 
Peer 1 received sync_unit_target for Blue_Infantry_4 enemy: 
GlobeView handling _on_unit_target_synced for Blue_Infantry_4 enemy: 
Peer 1 received sync_unit_target for Blue_Infantry_4 enemy: 
GlobeView handling _on_unit_target_synced for Blue_Infantry_4 enemy: 
Peer 1 received sync_unit_target for Blue_Infantry_5 enemy: Red_Infantry_3
GlobeView handling _on_unit_target_synced for Blue_Infantry_5 enemy: Red_Infantry_3
Peer 1 received sync_unit_target for Blue_Infantry_5 enemy: Red_Infantry_3
GlobeView handling _on_unit_target_synced for Blue_Infantry_5 enemy: Red_Infantry_3
Peer 1 received sync_unit_target for Red_Infantry_2 enemy: 
GlobeView handling _on_unit_target_synced for Red_Infantry_2 enemy: 
Peer 1 received sync_unit_target for Red_Infantry_2 enemy: 
GlobeView handling _on_unit_target_synced for Red_Infantry_2 enemy: 
Peer 1 received sync_unit_target for Red_Infantry_3 enemy: 
GlobeView handling _on_unit_target_synced for Red_Infantry_3 enemy: 
Peer 1 received sync_unit_target for Red_Infantry_3 enemy: 
GlobeView handling _on_unit_target_synced for Red_Infantry_3 enemy: 
Peer 1 received sync_unit_target for Red_Infantry_4 enemy: 
GlobeView handling _on_unit_target_synced for Red_Infantry_4 enemy: 
Peer 1 received sync_unit_target for Red_Infantry_4 enemy: 
GlobeView handling _on_unit_target_synced for Red_Infantry_4 enemy: 
Peer 1 received sync_unit_target for Red_Infantry_5 enemy: 
GlobeView handling _on_unit_target_synced for Red_Infantry_5 enemy: 
Peer 1 received sync_unit_target for Red_Infantry_5 enemy: 
GlobeView handling _on_unit_target_synced for Red_Infantry_5 enemy: 
Peer 1 received sync_unit_target for Red_Infantry_6 enemy: Blue_Infantry_3
GlobeView handling _on_unit_target_synced for Red_Infantry_6 enemy: Blue_Infantry_3
Peer 1 received sync_unit_target for Red_Infantry_6 enemy: Blue_Infantry_3
GlobeView handling _on_unit_target_synced for Red_Infantry_6 enemy: Blue_Infantry_3
Peer 1 received sync_unit_target for Red_Armor_1 enemy: 
GlobeView handling _on_unit_target_synced for Red_Armor_1 enemy: 
Peer 1 received sync_unit_target for Red_Armor_1 enemy: 
GlobeView handling _on_unit_target_synced for Red_Armor_1 enemy: 
Peer 1 received sync_unit_target for Red_Submarine_1 enemy: 
GlobeView handling _on_unit_target_synced for Red_Submarine_1 enemy: 
Peer 1 received sync_unit_target for Red_Submarine_1 enemy: 
GlobeView handling _on_unit_target_synced for Red_Submarine_1 enemy: 
Peer 1 received sync_unit_target for Blue_Infantry_2 enemy: 
GlobeView handling _on_unit_target_synced for Blue_Infantry_2 enemy: 
Peer 1 received sync_unit_target for Blue_Infantry_2 enemy: 
GlobeView handling _on_unit_target_synced for Blue_Infantry_2 enemy: 
Peer 1 received sync_unit_target for Blue_Armor_1 enemy: 
GlobeView handling _on_unit_target_synced for Blue_Armor_1 enemy: 
Peer 1 received sync_unit_target for Blue_Armor_1 enemy: 
GlobeView handling _on_unit_target_synced for Blue_Armor_1 enemy: 
Peer 1 received sync_unit_target for Blue_Infantry_4 enemy: 
GlobeView handling _on_unit_target_synced for Blue_Infantry_4 enemy: 
Peer 1 received sync_unit_target for Blue_Infantry_4 enemy: 
GlobeView handling _on_unit_target_synced for Blue_Infantry_4 enemy: 
Peer 1 received sync_unit_target for Blue_Infantry_5 enemy: Red_Infantry_3
GlobeView handling _on_unit_target_synced for Blue_Infantry_5 enemy: Red_Infantry_3
Peer 1 received sync_unit_target for Blue_Infantry_5 enemy: Red_Infantry_3
GlobeView handling _on_unit_target_synced for Blue_Infantry_5 enemy: Red_Infantry_3
Peer 1 received sync_unit_target for Red_Infantry_2 enemy: 
GlobeView handling _on_unit_target_synced for Red_Infantry_2 enemy: 
Peer 1 received sync_unit_target for Red_Infantry_2 enemy: 
GlobeView handling _on_unit_target_synced for Red_Infantry_2 enemy: 
Peer 1 received sync_unit_target for Red_Infantry_3 enemy: 
GlobeView handling _on_unit_target_synced for Red_Infantry_3 enemy: 
Peer 1 received sync_unit_target for Red_Infantry_3 enemy: 
GlobeView handling _on_unit_target_synced for Red_Infantry_3 enemy: 
Peer 1 received sync_unit_target for Red_Infantry_4 enemy: 
GlobeView handling _on_unit_target_synced for Red_Infantry_4 enemy: 
Peer 1 received sync_unit_target for Red_Infantry_4 enemy: 
GlobeView handling _on_unit_target_synced for Red_Infantry_4 enemy: 
Peer 1 received sync_unit_target for Red_Infantry_5 enemy: 
GlobeView handling _on_unit_target_synced for Red_Infantry_5 enemy: 
Peer 1 received sync_unit_target for Red_Infantry_5 enemy: 
GlobeView handling _on_unit_target_synced for Red_Infantry_5 enemy: 
Peer 1 received sync_unit_target for Red_Infantry_6 enemy: Blue_Infantry_3
GlobeView handling _on_unit_target_synced for Red_Infantry_6 enemy: Blue_Infantry_3
Peer 1 received sync_unit_target for Red_Infantry_6 enemy: Blue_Infantry_3
GlobeView handling _on_unit_target_synced for Red_Infantry_6 enemy: Blue_Infantry_3
Peer 1 received sync_unit_target for Red_Armor_1 enemy: 
GlobeView handling _on_unit_target_synced for Red_Armor_1 enemy: 
Peer 1 received sync_unit_target for Red_Armor_1 enemy: 
GlobeView handling _on_unit_target_synced for Red_Armor_1 enemy: 
Peer 1 received sync_unit_target for Blue_Infantry_2 enemy: 
GlobeView handling _on_unit_target_synced for Blue_Infantry_2 enemy: 
Peer 1 received sync_unit_target for Blue_Infantry_2 enemy: 
GlobeView handling _on_unit_target_synced for Blue_Infantry_2 enemy: 
Peer 1 received sync_unit_target for Blue_Armor_1 enemy: 
GlobeView handling _on_unit_target_synced for Blue_Armor_1 enemy: 
Peer 1 received sync_unit_target for Blue_Armor_1 enemy: 
GlobeView handling _on_unit_target_synced for Blue_Armor_1 enemy: 
Peer 1 received sync_unit_target for Blue_Infantry_4 enemy: 
GlobeView handling _on_unit_target_synced for Blue_Infantry_4 enemy: 
Peer 1 received sync_unit_target for Blue_Infantry_4 enemy: 
GlobeView handling _on_unit_target_synced for Blue_Infantry_4 enemy: 
Peer 1 received sync_unit_target for Blue_Infantry_5 enemy: Red_Infantry_3
GlobeView handling _on_unit_target_synced for Blue_Infantry_5 enemy: Red_Infantry_3
Peer 1 received sync_unit_target for Blue_Infantry_5 enemy: Red_Infantry_3
GlobeView handling _on_unit_target_synced for Blue_Infantry_5 enemy: Red_Infantry_3
Peer 1 received sync_unit_target for Red_Infantry_2 enemy: 
GlobeView handling _on_unit_target_synced for Red_Infantry_2 enemy: 
Peer 1 received sync_unit_target for Red_Infantry_2 enemy: 
GlobeView handling _on_unit_target_synced for Red_Infantry_2 enemy: 
Peer 1 received sync_unit_target for Red_Infantry_3 enemy: 
GlobeView handling _on_unit_target_synced for Red_Infantry_3 enemy: 
Peer 1 received sync_unit_target for Red_Infantry_3 enemy: 
GlobeView handling _on_unit_target_synced for Red_Infantry_3 enemy: 
Peer 1 received sync_unit_target for Red_Infantry_4 enemy: 
GlobeView handling _on_unit_target_synced for Red_Infantry_4 enemy: 
Peer 1 received sync_unit_target for Red_Infantry_4 enemy: 
GlobeView handling _on_unit_target_synced for Red_Infantry_4 enemy: 
Peer 1 received sync_unit_target for Red_Infantry_5 enemy: 
GlobeView handling _on_unit_target_synced for Red_Infantry_5 enemy: 
Peer 1 received sync_unit_target for Red_Infantry_5 enemy: 
GlobeView handling _on_unit_target_synced for Red_Infantry_5 enemy: 
Peer 1 received sync_unit_target for Red_Infantry_6 enemy: Blue_Infantry_3
GlobeView handling _on_unit_target_synced for Red_Infantry_6 enemy: Blue_Infantry_3
Peer 1 received sync_unit_target for Red_Infantry_6 enemy: Blue_Infantry_3
GlobeView handling _on_unit_target_synced for Red_Infantry_6 enemy: Blue_Infantry_3
Peer 1 received sync_unit_target for Red_Armor_1 enemy: 
GlobeView handling _on_unit_target_synced for Red_Armor_1 enemy: 
Peer 1 received sync_unit_target for Red_Armor_1 enemy: 
GlobeView handling _on_unit_target_synced for Red_Armor_1 enemy: 
Peer 1 received sync_unit_target for Blue_Infantry_2 enemy: 
GlobeView handling _on_unit_target_synced for Blue_Infantry_2 enemy: 
Peer 1 received sync_unit_target for Blue_Infantry_2 enemy: 
GlobeView handling _on_unit_target_synced for Blue_Infantry_2 enemy: 
Peer 1 received sync_unit_target for Blue_Armor_1 enemy: Red_Infantry_5
GlobeView handling _on_unit_target_synced for Blue_Armor_1 enemy: Red_Infantry_5
Peer 1 received sync_unit_target for Blue_Armor_1 enemy: Red_Infantry_5
GlobeView handling _on_unit_target_synced for Blue_Armor_1 enemy: Red_Infantry_5
Peer 1 received sync_unit_target for Blue_Infantry_5 enemy: 
GlobeView handling _on_unit_target_synced for Blue_Infantry_5 enemy: 
Peer 1 received sync_unit_target for Blue_Infantry_5 enemy: 
GlobeView handling _on_unit_target_synced for Blue_Infantry_5 enemy: 
Peer 1 received sync_unit_target for Red_Infantry_2 enemy: 
GlobeView handling _on_unit_target_synced for Red_Infantry_2 enemy: 
Peer 1 received sync_unit_target for Red_Infantry_2 enemy: 
GlobeView handling _on_unit_target_synced for Red_Infantry_2 enemy: 
Peer 1 received sync_unit_target for Red_Infantry_3 enemy: 
GlobeView handling _on_unit_target_synced for Red_Infantry_3 enemy: 
Peer 1 received sync_unit_target for Red_Infantry_3 enemy: 
GlobeView handling _on_unit_target_synced for Red_Infantry_3 enemy: 
Peer 1 received sync_unit_target for Red_Infantry_4 enemy: 
GlobeView handling _on_unit_target_synced for Red_Infantry_4 enemy: 
Peer 1 received sync_unit_target for Red_Infantry_4 enemy: 
GlobeView handling _on_unit_target_synced for Red_Infantry_4 enemy: 
Peer 1 received sync_unit_target for Red_Infantry_5 enemy: 
GlobeView handling _on_unit_target_synced for Red_Infantry_5 enemy: 
Peer 1 received sync_unit_target for Red_Infantry_5 enemy: 
GlobeView handling _on_unit_target_synced for Red_Infantry_5 enemy: 
Peer 1 received sync_unit_target for Red_Infantry_6 enemy: Blue_Infantry_3
GlobeView handling _on_unit_target_synced for Red_Infantry_6 enemy: Blue_Infantry_3
Peer 1 received sync_unit_target for Red_Infantry_6 enemy: Blue_Infantry_3
GlobeView handling _on_unit_target_synced for Red_Infantry_6 enemy: Blue_Infantry_3
Peer 1 received sync_unit_target for Red_Armor_1 enemy: 
GlobeView handling _on_unit_target_synced for Red_Armor_1 enemy: 
Peer 1 received sync_unit_target for Red_Armor_1 enemy: 
GlobeView handling _on_unit_target_synced for Red_Armor_1 enemy: 
Peer 1 received sync_unit_target for Blue_Infantry_2 enemy: 
GlobeView handling _on_unit_target_synced for Blue_Infantry_2 enemy: 
Peer 1 received sync_unit_target for Blue_Infantry_2 enemy: 
GlobeView handling _on_unit_target_synced for Blue_Infantry_2 enemy: 
Peer 1 received sync_unit_target for Blue_Armor_1 enemy: Red_Infantry_4
GlobeView handling _on_unit_target_synced for Blue_Armor_1 enemy: Red_Infantry_4
Peer 1 received sync_unit_target for Blue_Armor_1 enemy: Red_Infantry_4
GlobeView handling _on_unit_target_synced for Blue_Armor_1 enemy: Red_Infantry_4
Peer 1 received sync_unit_target for Blue_Infantry_5 enemy: 
GlobeView handling _on_unit_target_synced for Blue_Infantry_5 enemy: 
Peer 1 received sync_unit_target for Blue_Infantry_5 enemy: 
GlobeView handling _on_unit_target_synced for Blue_Infantry_5 enemy: 
Peer 1 received sync_unit_target for Red_Infantry_2 enemy: 
GlobeView handling _on_unit_target_synced for Red_Infantry_2 enemy: 
Peer 1 received sync_unit_target for Red_Infantry_2 enemy: 
GlobeView handling _on_unit_target_synced for Red_Infantry_2 enemy: 
Peer 1 received sync_unit_target for Red_Infantry_3 enemy: 
GlobeView handling _on_unit_target_synced for Red_Infantry_3 enemy: 
Peer 1 received sync_unit_target for Red_Infantry_3 enemy: 
GlobeView handling _on_unit_target_synced for Red_Infantry_3 enemy: 
Peer 1 received sync_unit_target for Red_Infantry_4 enemy: 
GlobeView handling _on_unit_target_synced for Red_Infantry_4 enemy: 
Peer 1 received sync_unit_target for Red_Infantry_4 enemy: 
GlobeView handling _on_unit_target_synced for Red_Infantry_4 enemy: 
Peer 1 received sync_unit_target for Red_Infantry_5 enemy: 
GlobeView handling _on_unit_target_synced for Red_Infantry_5 enemy: 
Peer 1 received sync_unit_target for Red_Infantry_5 enemy: 
GlobeView handling _on_unit_target_synced for Red_Infantry_5 enemy: 
Peer 1 received sync_unit_target for Red_Infantry_6 enemy: Blue_Infantry_3
GlobeView handling _on_unit_target_synced for Red_Infantry_6 enemy: Blue_Infantry_3
Peer 1 received sync_unit_target for Red_Infantry_6 enemy: Blue_Infantry_3
GlobeView handling _on_unit_target_synced for Red_Infantry_6 enemy: Blue_Infantry_3
Peer 1 received sync_unit_target for Red_Armor_1 enemy: 
GlobeView handling _on_unit_target_synced for Red_Armor_1 enemy: 
Peer 1 received sync_unit_target for Red_Armor_1 enemy: 
GlobeView handling _on_unit_target_synced for Red_Armor_1 enemy: 
Peer 1 received sync_unit_target for Blue_Infantry_2 enemy: 
GlobeView handling _on_unit_target_synced for Blue_Infantry_2 enemy: 
Peer 1 received sync_unit_target for Blue_Infantry_2 enemy: 
GlobeView handling _on_unit_target_synced for Blue_Infantry_2 enemy: 
Peer 1 received sync_unit_target for Blue_Armor_1 enemy: Red_Infantry_4
GlobeView handling _on_unit_target_synced for Blue_Armor_1 enemy: Red_Infantry_4
Peer 1 received sync_unit_target for Blue_Armor_1 enemy: Red_Infantry_4
GlobeView handling _on_unit_target_synced for Blue_Armor_1 enemy: Red_Infantry_4
Peer 1 received sync_unit_target for Blue_Infantry_5 enemy: 
GlobeView handling _on_unit_target_synced for Blue_Infantry_5 enemy: 
Peer 1 received sync_unit_target for Blue_Infantry_5 enemy: 
GlobeView handling _on_unit_target_synced for Blue_Infantry_5 enemy: 
Peer 1 received sync_unit_target for Red_Infantry_2 enemy: 
GlobeView handling _on_unit_target_synced for Red_Infantry_2 enemy: 
Peer 1 received sync_unit_target for Red_Infantry_2 enemy: 
GlobeView handling _on_unit_target_synced for Red_Infantry_2 enemy: 
Peer 1 received sync_unit_target for Red_Infantry_3 enemy: 
GlobeView handling _on_unit_target_synced for Red_Infantry_3 enemy: 
Peer 1 received sync_unit_target for Red_Infantry_3 enemy: 
GlobeView handling _on_unit_target_synced for Red_Infantry_3 enemy: 
Peer 1 received sync_unit_target for Red_Infantry_4 enemy: 
GlobeView handling _on_unit_target_synced for Red_Infantry_4 enemy: 
Peer 1 received sync_unit_target for Red_Infantry_4 enemy: 
GlobeView handling _on_unit_target_synced for Red_Infantry_4 enemy: 
Peer 1 received sync_unit_target for Red_Infantry_5 enemy: 
GlobeView handling _on_unit_target_synced for Red_Infantry_5 enemy: 
Peer 1 received sync_unit_target for Red_Infantry_5 enemy: 
GlobeView handling _on_unit_target_synced for Red_Infantry_5 enemy: 
Peer 1 received sync_unit_target for Red_Infantry_6 enemy: Blue_Infantry_3
GlobeView handling _on_unit_target_synced for Red_Infantry_6 enemy: Blue_Infantry_3
Peer 1 received sync_unit_target for Red_Infantry_6 enemy: Blue_Infantry_3
GlobeView handling _on_unit_target_synced for Red_Infantry_6 enemy: Blue_Infantry_3
Peer 1 received sync_unit_target for Red_Armor_1 enemy: 
GlobeView handling _on_unit_target_synced for Red_Armor_1 enemy: 
Peer 1 received sync_unit_target for Red_Armor_1 enemy: 
GlobeView handling _on_unit_target_synced for Red_Armor_1 enemy: 
Peer 1 received sync_unit_target for Blue_Infantry_2 enemy: 
GlobeView handling _on_unit_target_synced for Blue_Infantry_2 enemy: 
Peer 1 received sync_unit_target for Blue_Infantry_2 enemy: 
GlobeView handling _on_unit_target_synced for Blue_Infantry_2 enemy: 
Peer 1 received sync_unit_target for Blue_Armor_1 enemy: Red_Infantry_4
GlobeView handling _on_unit_target_synced for Blue_Armor_1 enemy: Red_Infantry_4
Peer 1 received sync_unit_target for Blue_Armor_1 enemy: Red_Infantry_4
GlobeView handling _on_unit_target_synced for Blue_Armor_1 enemy: Red_Infantry_4
Peer 1 received sync_unit_target for Blue_Infantry_5 enemy: 
GlobeView handling _on_unit_target_synced for Blue_Infantry_5 enemy: 
Peer 1 received sync_unit_target for Blue_Infantry_5 enemy: 
GlobeView handling _on_unit_target_synced for Blue_Infantry_5 enemy: 
Peer 1 received sync_unit_target for Blue_Infantry_6 enemy: 
GlobeView handling _on_unit_target_synced for Blue_Infantry_6 enemy: 
Peer 1 received sync_unit_target for Blue_Infantry_6 enemy: 
GlobeView handling _on_unit_target_synced for Blue_Infantry_6 enemy: 
Peer 1 received sync_unit_target for Red_Infantry_2 enemy: 
GlobeView handling _on_unit_target_synced for Red_Infantry_2 enemy: 
Peer 1 received sync_unit_target for Red_Infantry_2 enemy: 
GlobeView handling _on_unit_target_synced for Red_Infantry_2 enemy: 
Peer 1 received sync_unit_target for Red_Infantry_3 enemy: 
GlobeView handling _on_unit_target_synced for Red_Infantry_3 enemy: 
Peer 1 received sync_unit_target for Red_Infantry_3 enemy: 
GlobeView handling _on_unit_target_synced for Red_Infantry_3 enemy: 
Peer 1 received sync_unit_target for Red_Infantry_4 enemy: 
GlobeView handling _on_unit_target_synced for Red_Infantry_4 enemy: 
Peer 1 received sync_unit_target for Red_Infantry_4 enemy: 
GlobeView handling _on_unit_target_synced for Red_Infantry_4 enemy: 
Peer 1 received sync_unit_target for Red_Infantry_5 enemy: 
GlobeView handling _on_unit_target_synced for Red_Infantry_5 enemy: 
Peer 1 received sync_unit_target for Red_Infantry_5 enemy: 
GlobeView handling _on_unit_target_synced for Red_Infantry_5 enemy: 
Peer 1 received sync_unit_target for Red_Infantry_6 enemy: Blue_Infantry_3
GlobeView handling _on_unit_target_synced for Red_Infantry_6 enemy: Blue_Infantry_3
Peer 1 received sync_unit_target for Red_Infantry_6 enemy: Blue_Infantry_3
GlobeView handling _on_unit_target_synced for Red_Infantry_6 enemy: Blue_Infantry_3
Peer 1 received sync_unit_target for Red_Infantry_7 enemy: 
GlobeView handling _on_unit_target_synced for Red_Infantry_7 enemy: 
Peer 1 received sync_unit_target for Red_Infantry_7 enemy: 
GlobeView handling _on_unit_target_synced for Red_Infantry_7 enemy: 
Peer 1 received sync_unit_target for Red_Armor_1 enemy: 
GlobeView handling _on_unit_target_synced for Red_Armor_1 enemy: 
Peer 1 received sync_unit_target for Red_Armor_1 enemy: 
GlobeView handling _on_unit_target_synced for Red_Armor_1 enemy: 
Peer 1 received sync_unit_target for Blue_Infantry_2 enemy: 
GlobeView handling _on_unit_target_synced for Blue_Infantry_2 enemy: 
Peer 1 received sync_unit_target for Blue_Infantry_2 enemy: 
GlobeView handling _on_unit_target_synced for Blue_Infantry_2 enemy: 
Peer 1 received sync_unit_target for Blue_Armor_1 enemy: Red_Infantry_4
GlobeView handling _on_unit_target_synced for Blue_Armor_1 enemy: Red_Infantry_4
Peer 1 received sync_unit_target for Blue_Armor_1 enemy: Red_Infantry_4
GlobeView handling _on_unit_target_synced for Blue_Armor_1 enemy: Red_Infantry_4
Peer 1 received sync_unit_target for Blue_Infantry_5 enemy: 
GlobeView handling _on_unit_target_synced for Blue_Infantry_5 enemy: 
Peer 1 received sync_unit_target for Blue_Infantry_5 enemy: 
GlobeView handling _on_unit_target_synced for Blue_Infantry_5 enemy: 
Peer 1 received sync_unit_target for Blue_Infantry_6 enemy: 
GlobeView handling _on_unit_target_synced for Blue_Infantry_6 enemy: 
Peer 1 received sync_unit_target for Blue_Infantry_6 enemy: 
GlobeView handling _on_unit_target_synced for Blue_Infantry_6 enemy: 
Peer 1 received sync_unit_target for Red_Infantry_2 enemy: 
GlobeView handling _on_unit_target_synced for Red_Infantry_2 enemy: 
Peer 1 received sync_unit_target for Red_Infantry_2 enemy: 
GlobeView handling _on_unit_target_synced for Red_Infantry_2 enemy: 
Peer 1 received sync_unit_target for Red_Infantry_3 enemy: 
GlobeView handling _on_unit_target_synced for Red_Infantry_3 enemy: 
Peer 1 received sync_unit_target for Red_Infantry_3 enemy: 
GlobeView handling _on_unit_target_synced for Red_Infantry_3 enemy: 
Peer 1 received sync_unit_target for Red_Infantry_4 enemy: 
GlobeView handling _on_unit_target_synced for Red_Infantry_4 enemy: 
Peer 1 received sync_unit_target for Red_Infantry_4 enemy: 
GlobeView handling _on_unit_target_synced for Red_Infantry_4 enemy: 
Peer 1 received sync_unit_target for Red_Infantry_5 enemy: 
GlobeView handling _on_unit_target_synced for Red_Infantry_5 enemy: 
Peer 1 received sync_unit_target for Red_Infantry_5 enemy: 
GlobeView handling _on_unit_target_synced for Red_Infantry_5 enemy: 
Peer 1 received sync_unit_target for Red_Infantry_6 enemy: Blue_Infantry_3
GlobeView handling _on_unit_target_synced for Red_Infantry_6 enemy: Blue_Infantry_3
Peer 1 received sync_unit_target for Red_Infantry_6 enemy: Blue_Infantry_3
GlobeView handling _on_unit_target_synced for Red_Infantry_6 enemy: Blue_Infantry_3
Peer 1 received sync_unit_target for Red_Infantry_7 enemy: 
GlobeView handling _on_unit_target_synced for Red_Infantry_7 enemy: 
Peer 1 received sync_unit_target for Red_Infantry_7 enemy: 
GlobeView handling _on_unit_target_synced for Red_Infantry_7 enemy: 
Peer 1 received sync_unit_target for Red_Armor_1 enemy: 
GlobeView handling _on_unit_target_synced for Red_Armor_1 enemy: 
Peer 1 received sync_unit_target for Red_Armor_1 enemy: 
GlobeView handling _on_unit_target_synced for Red_Armor_1 enemy: 
Peer 1 received sync_unit_target for Blue_Infantry_2 enemy: 
GlobeView handling _on_unit_target_synced for Blue_Infantry_2 enemy: 
Peer 1 received sync_unit_target for Blue_Infantry_2 enemy: 
GlobeView handling _on_unit_target_synced for Blue_Infantry_2 enemy: 
Peer 1 received sync_unit_target for Blue_Armor_1 enemy: 
GlobeView handling _on_unit_target_synced for Blue_Armor_1 enemy: 
Peer 1 received sync_unit_target for Blue_Armor_1 enemy: 
GlobeView handling _on_unit_target_synced for Blue_Armor_1 enemy: 
Peer 1 received sync_unit_target for Blue_Infantry_5 enemy: Red_Infantry_3
GlobeView handling _on_unit_target_synced for Blue_Infantry_5 enemy: Red_Infantry_3
Peer 1 received sync_unit_target for Blue_Infantry_5 enemy: Red_Infantry_3
GlobeView handling _on_unit_target_synced for Blue_Infantry_5 enemy: Red_Infantry_3
Peer 1 received sync_unit_target for Blue_Infantry_6 enemy: 
GlobeView handling _on_unit_target_synced for Blue_Infantry_6 enemy: 
Peer 1 received sync_unit_target for Blue_Infantry_6 enemy: 
GlobeView handling _on_unit_target_synced for Blue_Infantry_6 enemy: 
Peer 1 received sync_unit_target for Blue_Cruiser_2 enemy: 
GlobeView handling _on_unit_target_synced for Blue_Cruiser_2 enemy: 
Peer 1 received sync_unit_target for Blue_Cruiser_2 enemy: 
GlobeView handling _on_unit_target_synced for Blue_Cruiser_2 enemy: 
Peer 1 received sync_unit_target for Red_Infantry_2 enemy: 
GlobeView handling _on_unit_target_synced for Red_Infantry_2 enemy: 
Peer 1 received sync_unit_target for Red_Infantry_2 enemy: 
GlobeView handling _on_unit_target_synced for Red_Infantry_2 enemy: 
Peer 1 received sync_unit_target for Red_Infantry_3 enemy: 
GlobeView handling _on_unit_target_synced for Red_Infantry_3 enemy: 
Peer 1 received sync_unit_target for Red_Infantry_3 enemy: 
GlobeView handling _on_unit_target_synced for Red_Infantry_3 enemy: 
Peer 1 received sync_unit_target for Red_Infantry_4 enemy: 
GlobeView handling _on_unit_target_synced for Red_Infantry_4 enemy: 
Peer 1 received sync_unit_target for Red_Infantry_4 enemy: 
GlobeView handling _on_unit_target_synced for Red_Infantry_4 enemy: 
Peer 1 received sync_unit_target for Red_Infantry_5 enemy: 
GlobeView handling _on_unit_target_synced for Red_Infantry_5 enemy: 
Peer 1 received sync_unit_target for Red_Infantry_5 enemy: 
GlobeView handling _on_unit_target_synced for Red_Infantry_5 enemy: 
Peer 1 received sync_unit_target for Red_Infantry_6 enemy: Blue_Infantry_3
GlobeView handling _on_unit_target_synced for Red_Infantry_6 enemy: Blue_Infantry_3
Peer 1 received sync_unit_target for Red_Infantry_6 enemy: Blue_Infantry_3
GlobeView handling _on_unit_target_synced for Red_Infantry_6 enemy: Blue_Infantry_3
Peer 1 received sync_unit_target for Red_Infantry_7 enemy: 
GlobeView handling _on_unit_target_synced for Red_Infantry_7 enemy: 
Peer 1 received sync_unit_target for Red_Infantry_7 enemy: 
GlobeView handling _on_unit_target_synced for Red_Infantry_7 enemy: 
Peer 1 received sync_unit_target for Red_Armor_1 enemy: 
GlobeView handling _on_unit_target_synced for Red_Armor_1 enemy: 
Peer 1 received sync_unit_target for Red_Armor_1 enemy: 
GlobeView handling _on_unit_target_synced for Red_Armor_1 enemy: 
Peer 1 received sync_unit_target for Blue_Infantry_2 enemy: Red_Infantry_5
GlobeView handling _on_unit_target_synced for Blue_Infantry_2 enemy: Red_Infantry_5
Peer 1 received sync_unit_target for Blue_Infantry_2 enemy: Red_Infantry_5
GlobeView handling _on_unit_target_synced for Blue_Infantry_2 enemy: Red_Infantry_5
Peer 1 received sync_unit_target for Blue_Armor_1 enemy: Red_Infantry_4
GlobeView handling _on_unit_target_synced for Blue_Armor_1 enemy: Red_Infantry_4
Peer 1 received sync_unit_target for Blue_Armor_1 enemy: Red_Infantry_4
GlobeView handling _on_unit_target_synced for Blue_Armor_1 enemy: Red_Infantry_4
Peer 1 received sync_unit_target for Blue_Infantry_5 enemy: 
GlobeView handling _on_unit_target_synced for Blue_Infantry_5 enemy: 
Peer 1 received sync_unit_target for Blue_Infantry_5 enemy: 
GlobeView handling _on_unit_target_synced for Blue_Infantry_5 enemy: 
Peer 1 received sync_unit_target for Blue_Infantry_6 enemy: 
GlobeView handling _on_unit_target_synced for Blue_Infantry_6 enemy: 
Peer 1 received sync_unit_target for Blue_Infantry_6 enemy: 
GlobeView handling _on_unit_target_synced for Blue_Infantry_6 enemy: 
Peer 1 received sync_unit_target for Blue_Cruiser_2 enemy: 
GlobeView handling _on_unit_target_synced for Blue_Cruiser_2 enemy: 
Peer 1 received sync_unit_target for Blue_Cruiser_2 enemy: 
GlobeView handling _on_unit_target_synced for Blue_Cruiser_2 enemy: 
Peer 1 received sync_unit_target for Red_Infantry_2 enemy: 
GlobeView handling _on_unit_target_synced for Red_Infantry_2 enemy: 
Peer 1 received sync_unit_target for Red_Infantry_2 enemy: 
GlobeView handling _on_unit_target_synced for Red_Infantry_2 enemy: 
Peer 1 received sync_unit_target for Red_Infantry_3 enemy: 
GlobeView handling _on_unit_target_synced for Red_Infantry_3 enemy: 
Peer 1 received sync_unit_target for Red_Infantry_3 enemy: 
GlobeView handling _on_unit_target_synced for Red_Infantry_3 enemy: 
Peer 1 received sync_unit_target for Red_Infantry_4 enemy: 
GlobeView handling _on_unit_target_synced for Red_Infantry_4 enemy: 
Peer 1 received sync_unit_target for Red_Infantry_4 enemy: 
GlobeView handling _on_unit_target_synced for Red_Infantry_4 enemy: 
Peer 1 received sync_unit_target for Red_Infantry_5 enemy: 
GlobeView handling _on_unit_target_synced for Red_Infantry_5 enemy: 
Peer 1 received sync_unit_target for Red_Infantry_5 enemy: 
GlobeView handling _on_unit_target_synced for Red_Infantry_5 enemy: 
Peer 1 received sync_unit_target for Red_Infantry_6 enemy: Blue_Infantry_3
GlobeView handling _on_unit_target_synced for Red_Infantry_6 enemy: Blue_Infantry_3
Peer 1 received sync_unit_target for Red_Infantry_6 enemy: Blue_Infantry_3
GlobeView handling _on_unit_target_synced for Red_Infantry_6 enemy: Blue_Infantry_3
Peer 1 received sync_unit_target for Red_Infantry_7 enemy: 
GlobeView handling _on_unit_target_synced for Red_Infantry_7 enemy: 
Peer 1 received sync_unit_target for Red_Infantry_7 enemy: 
GlobeView handling _on_unit_target_synced for Red_Infantry_7 enemy: 
Peer 1 received sync_unit_target for Red_Armor_2 enemy: 
GlobeView handling _on_unit_target_synced for Red_Armor_2 enemy: 
Peer 1 received sync_unit_target for Red_Armor_2 enemy: 
GlobeView handling _on_unit_target_synced for Red_Armor_2 enemy: 
Peer disconnected: 765618139
SCRIPT ERROR: Invalid call to function 'log_message' in base 'CanvasLayer (ConsoleManager.gd)'. Expected 1 argument(s).
          at: _on_peer_disconnected (res://src/scripts/singletons/NetworkManager.gd:125)
          GDScript backtrace (most recent call first):
              [0] _on_peer_disconnected (res://src/scripts/singletons/NetworkManager.gd:125)
